<?xml version="1.0" encoding="UTF-8"?>
<testng-results ignored="0" total="1" passed="1" failed="0" skipped="0">
  <reporter-output>
  </reporter-output>
  <suite started-at="2022-10-18T00:12:01 IST" name="Default suite" finished-at="2022-10-18T00:12:25 IST" duration-ms="24637">
    <groups>
    </groups>
    <test started-at="2022-10-18T00:12:01 IST" name="Default test" finished-at="2022-10-18T00:12:25 IST" duration-ms="24637">
      <class name="php.crm.Vtiger.project31.campaignTest.CreatecampaignTest">
        <test-method is-config="true" signature="bsconfig()[pri:0, instance:php.crm.Vtiger.project31.campaignTest.CreatecampaignTest@402bba4f]" started-at="2022-10-18T00:12:01 IST" name="bsconfig" finished-at="2022-10-18T00:12:01 IST" duration-ms="13" status="PASS">
          <reporter-output>
          </reporter-output>
        </test-method> <!-- bsconfig -->
        <test-method is-config="true" signature="bcconfig()[pri:0, instance:php.crm.Vtiger.project31.campaignTest.CreatecampaignTest@402bba4f]" started-at="2022-10-18T00:12:01 IST" name="bcconfig" finished-at="2022-10-18T00:12:09 IST" duration-ms="7896" status="PASS">
          <reporter-output>
          </reporter-output>
        </test-method> <!-- bcconfig -->
        <test-method is-config="true" signature="bmconfig()[pri:0, instance:php.crm.Vtiger.project31.campaignTest.CreatecampaignTest@402bba4f]" started-at="2022-10-18T00:12:09 IST" name="bmconfig" finished-at="2022-10-18T00:12:13 IST" duration-ms="4480" status="PASS">
          <reporter-output>
          </reporter-output>
        </test-method> <!-- bmconfig -->
        <test-method signature="createCampaignAndVerifyCampaignNameTest()[pri:0, instance:php.crm.Vtiger.project31.campaignTest.CreatecampaignTest@402bba4f]" started-at="2022-10-18T00:12:13 IST" name="createCampaignAndVerifyCampaignNameTest" finished-at="2022-10-18T00:12:23 IST" duration-ms="9781" status="PASS">
          <reporter-output>
          </reporter-output>
        </test-method> <!-- createCampaignAndVerifyCampaignNameTest -->
        <test-method is-config="true" signature="amconfig()[pri:0, instance:php.crm.Vtiger.project31.campaignTest.CreatecampaignTest@402bba4f]" started-at="2022-10-18T00:12:23 IST" name="amconfig" finished-at="2022-10-18T00:12:25 IST" duration-ms="1802" status="PASS">
          <reporter-output>
          </reporter-output>
        </test-method> <!-- amconfig -->
        <test-method is-config="true" signature="aconfig()[pri:0, instance:php.crm.Vtiger.project31.campaignTest.CreatecampaignTest@402bba4f]" started-at="2022-10-18T00:12:25 IST" name="aconfig" finished-at="2022-10-18T00:12:25 IST" duration-ms="552" status="PASS">
          <reporter-output>
          </reporter-output>
        </test-method> <!-- aconfig -->
        <test-method is-config="true" signature="asconfig()[pri:0, instance:php.crm.Vtiger.project31.campaignTest.CreatecampaignTest@402bba4f]" started-at="2022-10-18T00:12:25 IST" name="asconfig" finished-at="2022-10-18T00:12:25 IST" duration-ms="1" status="PASS">
          <reporter-output>
          </reporter-output>
        </test-method> <!-- asconfig -->
      </class> <!-- php.crm.Vtiger.project31.campaignTest.CreatecampaignTest -->
    </test> <!-- Default test -->
  </suite> <!-- Default suite -->
</testng-results>
